The target system is: Android - 29 - aarch64
The host system is: Darwin - 19.5.0 - x86_64
Compiling the C compiler identification source file "CMakeCCompilerId.c" succeeded.
Compiler: /Users/yueqi.zhou/ndk/android-ndk-r20b/toolchains/llvm/prebuilt/darwin-x86_64/bin/clang 
Build flags: 
Id flags:  

The output was:
0


Compilation of the C compiler identification source "CMakeCCompilerId.c" produced "a.out"

The C compiler identification is Clang, found in "/Users/yueqi.zhou/demo/android/SingleWorld/app/src/main/cpp/cmake-build-debug/CMakeFiles/3.17.3/CompilerIdC/a.out"

Compiling the CXX compiler identification source file "CMakeCXXCompilerId.cpp" succeeded.
Compiler: /Users/yueqi.zhou/ndk/android-ndk-r20b/toolchains/llvm/prebuilt/darwin-x86_64/bin/clang++ 
Build flags: 
Id flags:  

The output was:
0


Compilation of the CXX compiler identification source "CMakeCXXCompilerId.cpp" produced "a.out"

The CXX compiler identification is Clang, found in "/Users/yueqi.zhou/demo/android/SingleWorld/app/src/main/cpp/cmake-build-debug/CMakeFiles/3.17.3/CompilerIdCXX/a.out"

Determining if the C compiler works passed with the following output:
Change Dir: /Users/yueqi.zhou/demo/android/SingleWorld/app/src/main/cpp/cmake-build-debug/CMakeFiles/CMakeTmp

Run Build Command(s):/usr/bin/make cmTC_fdcb2/fast && /Applications/Xcode-beta.app/Contents/Developer/usr/bin/make  -f CMakeFiles/cmTC_fdcb2.dir/build.make CMakeFiles/cmTC_fdcb2.dir/build
Building C object CMakeFiles/cmTC_fdcb2.dir/testCCompiler.c.o
/Users/yueqi.zhou/ndk/android-ndk-r20b/toolchains/llvm/prebuilt/darwin-x86_64/bin/clang --target=aarch64-none-linux-android29   -g -fPIE   -o CMakeFiles/cmTC_fdcb2.dir/testCCompiler.c.o   -c /Users/yueqi.zhou/demo/android/SingleWorld/app/src/main/cpp/cmake-build-debug/CMakeFiles/CMakeTmp/testCCompiler.c
Linking C executable cmTC_fdcb2
/Applications/CLion.app/Contents/bin/cmake/mac/bin/cmake -E cmake_link_script CMakeFiles/cmTC_fdcb2.dir/link.txt --verbose=1
/Users/yueqi.zhou/ndk/android-ndk-r20b/toolchains/llvm/prebuilt/darwin-x86_64/bin/clang --target=aarch64-none-linux-android29   -g  -fPIE -pie -Wl,--gc-sections  CMakeFiles/cmTC_fdcb2.dir/testCCompiler.c.o  -o cmTC_fdcb2   -latomic -lm 



Detecting C compiler ABI info compiled with the following output:
Change Dir: /Users/yueqi.zhou/demo/android/SingleWorld/app/src/main/cpp/cmake-build-debug/CMakeFiles/CMakeTmp

Run Build Command(s):/usr/bin/make cmTC_37d46/fast && /Applications/Xcode-beta.app/Contents/Developer/usr/bin/make  -f CMakeFiles/cmTC_37d46.dir/build.make CMakeFiles/cmTC_37d46.dir/build
Building C object CMakeFiles/cmTC_37d46.dir/CMakeCCompilerABI.c.o
/Users/yueqi.zhou/ndk/android-ndk-r20b/toolchains/llvm/prebuilt/darwin-x86_64/bin/clang --target=aarch64-none-linux-android29   -g -fPIE   -v -o CMakeFiles/cmTC_37d46.dir/CMakeCCompilerABI.c.o   -c /Applications/CLion.app/Contents/bin/cmake/mac/share/cmake-3.17/Modules/CMakeCCompilerABI.c
Android (5220042 based on r346389c) clang version 8.0.7 (https://android.googlesource.com/toolchain/clang b55f2d4ebfd35bf643d27dbca1bb228957008617) (https://android.googlesource.com/toolchain/llvm 3c393fe7a7e13b0fba4ac75a01aa683d7a5b11cd) (based on LLVM 8.0.7svn)
Target: aarch64-none-linux-android29
Thread model: posix
InstalledDir: /Users/yueqi.zhou/ndk/android-ndk-r20b/toolchains/llvm/prebuilt/darwin-x86_64/bin
Found candidate GCC installation: /Users/yueqi.zhou/ndk/android-ndk-r20b/toolchains/llvm/prebuilt/darwin-x86_64/bin/../lib/gcc/aarch64-linux-android/4.9.x
Selected GCC installation: /Users/yueqi.zhou/ndk/android-ndk-r20b/toolchains/llvm/prebuilt/darwin-x86_64/bin/../lib/gcc/aarch64-linux-android/4.9.x
Candidate multilib: .;@m64
Selected multilib: .;@m64
 "/Users/yueqi.zhou/ndk/android-ndk-r20b/toolchains/llvm/prebuilt/darwin-x86_64/bin/clang" -cc1 -triple aarch64-none-linux-android29 -emit-obj -mrelax-all -disable-free -disable-llvm-verifier -discard-value-names -main-file-name CMakeCCompilerABI.c -mrelocation-model pic -pic-level 2 -pic-is-pie -mthread-model posix -mdisable-fp-elim -masm-verbose -mconstructor-aliases -fuse-init-array -target-cpu generic -target-feature +neon -target-abi aapcs -mllvm -aarch64-fix-cortex-a53-835769=1 -fallow-half-arguments-and-returns -dwarf-column-info -debug-info-kind=limited -dwarf-version=4 -debugger-tuning=gdb -target-linker-version 241.9 -v -coverage-notes-file /Users/yueqi.zhou/demo/android/SingleWorld/app/src/main/cpp/cmake-build-debug/CMakeFiles/CMakeTmp/CMakeFiles/cmTC_37d46.dir/CMakeCCompilerABI.c.gcno -resource-dir /Users/yueqi.zhou/ndk/android-ndk-r20b/toolchains/llvm/prebuilt/darwin-x86_64/lib64/clang/8.0.7 -internal-isystem /Users/yueqi.zhou/ndk/android-ndk-r20b/toolchains/llvm/prebuilt/darwin-x86_64/bin/../sysroot/usr/local/include -internal-isystem /Users/yueqi.zhou/ndk/android-ndk-r20b/toolchains/llvm/prebuilt/darwin-x86_64/lib64/clang/8.0.7/include -internal-externc-isystem /Users/yueqi.zhou/ndk/android-ndk-r20b/toolchains/llvm/prebuilt/darwin-x86_64/bin/../sysroot/usr/include/aarch64-linux-android -internal-externc-isystem /Users/yueqi.zhou/ndk/android-ndk-r20b/toolchains/llvm/prebuilt/darwin-x86_64/bin/../sysroot/include -internal-externc-isystem /Users/yueqi.zhou/ndk/android-ndk-r20b/toolchains/llvm/prebuilt/darwin-x86_64/bin/../sysroot/usr/include -fdebug-compilation-dir /Users/yueqi.zhou/demo/android/SingleWorld/app/src/main/cpp/cmake-build-debug/CMakeFiles/CMakeTmp -ferror-limit 19 -fmessage-length 0 -fno-signed-char -fobjc-runtime=gcc -fdiagnostics-show-option -o CMakeFiles/cmTC_37d46.dir/CMakeCCompilerABI.c.o -x c /Applications/CLion.app/Contents/bin/cmake/mac/share/cmake-3.17/Modules/CMakeCCompilerABI.c -faddrsig
clang -cc1 version 8.0.7 based upon LLVM 8.0.7svn default target x86_64-apple-darwin19.5.0
ignoring nonexistent directory "/Users/yueqi.zhou/ndk/android-ndk-r20b/toolchains/llvm/prebuilt/darwin-x86_64/bin/../sysroot/include"
#include "..." search starts here:
#include <...> search starts here:
 /Users/yueqi.zhou/ndk/android-ndk-r20b/toolchains/llvm/prebuilt/darwin-x86_64/bin/../sysroot/usr/local/include
 /Users/yueqi.zhou/ndk/android-ndk-r20b/toolchains/llvm/prebuilt/darwin-x86_64/lib64/clang/8.0.7/include
 /Users/yueqi.zhou/ndk/android-ndk-r20b/toolchains/llvm/prebuilt/darwin-x86_64/bin/../sysroot/usr/include/aarch64-linux-android
 /Users/yueqi.zhou/ndk/android-ndk-r20b/toolchains/llvm/prebuilt/darwin-x86_64/bin/../sysroot/usr/include
End of search list.
Linking C executable cmTC_37d46
/Applications/CLion.app/Contents/bin/cmake/mac/bin/cmake -E cmake_link_script CMakeFiles/cmTC_37d46.dir/link.txt --verbose=1
/Users/yueqi.zhou/ndk/android-ndk-r20b/toolchains/llvm/prebuilt/darwin-x86_64/bin/clang --target=aarch64-none-linux-android29   -g  -fPIE -pie -Wl,--gc-sections -v CMakeFiles/cmTC_37d46.dir/CMakeCCompilerABI.c.o  -o cmTC_37d46   -latomic -lm 
Android (5220042 based on r346389c) clang version 8.0.7 (https://android.googlesource.com/toolchain/clang b55f2d4ebfd35bf643d27dbca1bb228957008617) (https://android.googlesource.com/toolchain/llvm 3c393fe7a7e13b0fba4ac75a01aa683d7a5b11cd) (based on LLVM 8.0.7svn)
Target: aarch64-none-linux-android29
Thread model: posix
InstalledDir: /Users/yueqi.zhou/ndk/android-ndk-r20b/toolchains/llvm/prebuilt/darwin-x86_64/bin
Found candidate GCC installation: /Users/yueqi.zhou/ndk/android-ndk-r20b/toolchains/llvm/prebuilt/darwin-x86_64/bin/../lib/gcc/aarch64-linux-android/4.9.x
Selected GCC installation: /Users/yueqi.zhou/ndk/android-ndk-r20b/toolchains/llvm/prebuilt/darwin-x86_64/bin/../lib/gcc/aarch64-linux-android/4.9.x
Candidate multilib: .;@m64
Selected multilib: .;@m64
 "/Users/yueqi.zhou/ndk/android-ndk-r20b/toolchains/llvm/prebuilt/darwin-x86_64/bin/../lib/gcc/aarch64-linux-android/4.9.x/../../../../aarch64-linux-android/bin/ld" -pie -EL --fix-cortex-a53-843419 -z now -z relro --hash-style=gnu --enable-new-dtags --eh-frame-hdr -m aarch64linux -dynamic-linker /system/bin/linker64 -o cmTC_37d46 /Users/yueqi.zhou/ndk/android-ndk-r20b/toolchains/llvm/prebuilt/darwin-x86_64/bin/../sysroot/usr/lib/aarch64-linux-android/29/crtbegin_dynamic.o -L/Users/yueqi.zhou/ndk/android-ndk-r20b/toolchains/llvm/prebuilt/darwin-x86_64/lib64/clang/8.0.7/lib/linux/aarch64 -L/Users/yueqi.zhou/ndk/android-ndk-r20b/toolchains/llvm/prebuilt/darwin-x86_64/bin/../lib/gcc/aarch64-linux-android/4.9.x -L/Users/yueqi.zhou/ndk/android-ndk-r20b/toolchains/llvm/prebuilt/darwin-x86_64/bin/../lib/gcc/aarch64-linux-android/4.9.x/../../../../aarch64-linux-android/lib/../lib64 -L/Users/yueqi.zhou/ndk/android-ndk-r20b/toolchains/llvm/prebuilt/darwin-x86_64/bin/../sysroot/usr/lib/aarch64-linux-android/29 -L/Users/yueqi.zhou/ndk/android-ndk-r20b/toolchains/llvm/prebuilt/darwin-x86_64/bin/../sysroot/usr/lib/aarch64-linux-android -L/Users/yueqi.zhou/ndk/android-ndk-r20b/toolchains/llvm/prebuilt/darwin-x86_64/bin/../lib/gcc/aarch64-linux-android/4.9.x/../../../../aarch64-linux-android/lib -L/Users/yueqi.zhou/ndk/android-ndk-r20b/toolchains/llvm/prebuilt/darwin-x86_64/bin/../sysroot/usr/lib --gc-sections CMakeFiles/cmTC_37d46.dir/CMakeCCompilerABI.c.o -latomic -lm -lgcc -ldl -lc -lgcc -ldl /Users/yueqi.zhou/ndk/android-ndk-r20b/toolchains/llvm/prebuilt/darwin-x86_64/bin/../sysroot/usr/lib/aarch64-linux-android/29/crtend_android.o



Parsed C implicit include dir info from above output: rv=done
  found start of include info
  found start of implicit include info
    add: [/Users/yueqi.zhou/ndk/android-ndk-r20b/toolchains/llvm/prebuilt/darwin-x86_64/bin/../sysroot/usr/local/include]
    add: [/Users/yueqi.zhou/ndk/android-ndk-r20b/toolchains/llvm/prebuilt/darwin-x86_64/lib64/clang/8.0.7/include]
    add: [/Users/yueqi.zhou/ndk/android-ndk-r20b/toolchains/llvm/prebuilt/darwin-x86_64/bin/../sysroot/usr/include/aarch64-linux-android]
    add: [/Users/yueqi.zhou/ndk/android-ndk-r20b/toolchains/llvm/prebuilt/darwin-x86_64/bin/../sysroot/usr/include]
  end of search list found
  collapse include dir [/Users/yueqi.zhou/ndk/android-ndk-r20b/toolchains/llvm/prebuilt/darwin-x86_64/bin/../sysroot/usr/local/include] ==> [/Users/yueqi.zhou/ndk/android-ndk-r20b/toolchains/llvm/prebuilt/darwin-x86_64/sysroot/usr/local/include]
  collapse include dir [/Users/yueqi.zhou/ndk/android-ndk-r20b/toolchains/llvm/prebuilt/darwin-x86_64/lib64/clang/8.0.7/include] ==> [/Users/yueqi.zhou/ndk/android-ndk-r20b/toolchains/llvm/prebuilt/darwin-x86_64/lib64/clang/8.0.7/include]
  collapse include dir [/Users/yueqi.zhou/ndk/android-ndk-r20b/toolchains/llvm/prebuilt/darwin-x86_64/bin/../sysroot/usr/include/aarch64-linux-android] ==> [/Users/yueqi.zhou/ndk/android-ndk-r20b/toolchains/llvm/prebuilt/darwin-x86_64/sysroot/usr/include/aarch64-linux-android]
  collapse include dir [/Users/yueqi.zhou/ndk/android-ndk-r20b/toolchains/llvm/prebuilt/darwin-x86_64/bin/../sysroot/usr/include] ==> [/Users/yueqi.zhou/ndk/android-ndk-r20b/toolchains/llvm/prebuilt/darwin-x86_64/sysroot/usr/include]
  implicit include dirs: [/Users/yueqi.zhou/ndk/android-ndk-r20b/toolchains/llvm/prebuilt/darwin-x86_64/sysroot/usr/local/include;/Users/yueqi.zhou/ndk/android-ndk-r20b/toolchains/llvm/prebuilt/darwin-x86_64/lib64/clang/8.0.7/include;/Users/yueqi.zhou/ndk/android-ndk-r20b/toolchains/llvm/prebuilt/darwin-x86_64/sysroot/usr/include/aarch64-linux-android;/Users/yueqi.zhou/ndk/android-ndk-r20b/toolchains/llvm/prebuilt/darwin-x86_64/sysroot/usr/include]


Parsed C implicit link information from above output:
  link line regex: [^( *|.*[/\])(aarch64-linux-android-ld|CMAKE_LINK_STARTFILE-NOTFOUND|([^/\]+-)?ld|collect2)[^/\]*( |$)]
  ignore line: [Change Dir: /Users/yueqi.zhou/demo/android/SingleWorld/app/src/main/cpp/cmake-build-debug/CMakeFiles/CMakeTmp]
  ignore line: []
  ignore line: [Run Build Command(s):/usr/bin/make cmTC_37d46/fast && /Applications/Xcode-beta.app/Contents/Developer/usr/bin/make  -f CMakeFiles/cmTC_37d46.dir/build.make CMakeFiles/cmTC_37d46.dir/build]
  ignore line: [Building C object CMakeFiles/cmTC_37d46.dir/CMakeCCompilerABI.c.o]
  ignore line: [/Users/yueqi.zhou/ndk/android-ndk-r20b/toolchains/llvm/prebuilt/darwin-x86_64/bin/clang --target=aarch64-none-linux-android29   -g -fPIE   -v -o CMakeFiles/cmTC_37d46.dir/CMakeCCompilerABI.c.o   -c /Applications/CLion.app/Contents/bin/cmake/mac/share/cmake-3.17/Modules/CMakeCCompilerABI.c]
  ignore line: [Android (5220042 based on r346389c) clang version 8.0.7 (https://android.googlesource.com/toolchain/clang b55f2d4ebfd35bf643d27dbca1bb228957008617) (https://android.googlesource.com/toolchain/llvm 3c393fe7a7e13b0fba4ac75a01aa683d7a5b11cd) (based on LLVM 8.0.7svn)]
  ignore line: [Target: aarch64-none-linux-android29]
  ignore line: [Thread model: posix]
  ignore line: [InstalledDir: /Users/yueqi.zhou/ndk/android-ndk-r20b/toolchains/llvm/prebuilt/darwin-x86_64/bin]
  ignore line: [Found candidate GCC installation: /Users/yueqi.zhou/ndk/android-ndk-r20b/toolchains/llvm/prebuilt/darwin-x86_64/bin/../lib/gcc/aarch64-linux-android/4.9.x]
  ignore line: [Selected GCC installation: /Users/yueqi.zhou/ndk/android-ndk-r20b/toolchains/llvm/prebuilt/darwin-x86_64/bin/../lib/gcc/aarch64-linux-android/4.9.x]
  ignore line: [Candidate multilib: .]
  ignore line: [@m64]
  ignore line: [Selected multilib: .]
  ignore line: [@m64]
  ignore line: [ "/Users/yueqi.zhou/ndk/android-ndk-r20b/toolchains/llvm/prebuilt/darwin-x86_64/bin/clang" -cc1 -triple aarch64-none-linux-android29 -emit-obj -mrelax-all -disable-free -disable-llvm-verifier -discard-value-names -main-file-name CMakeCCompilerABI.c -mrelocation-model pic -pic-level 2 -pic-is-pie -mthread-model posix -mdisable-fp-elim -masm-verbose -mconstructor-aliases -fuse-init-array -target-cpu generic -target-feature +neon -target-abi aapcs -mllvm -aarch64-fix-cortex-a53-835769=1 -fallow-half-arguments-and-returns -dwarf-column-info -debug-info-kind=limited -dwarf-version=4 -debugger-tuning=gdb -target-linker-version 241.9 -v -coverage-notes-file /Users/yueqi.zhou/demo/android/SingleWorld/app/src/main/cpp/cmake-build-debug/CMakeFiles/CMakeTmp/CMakeFiles/cmTC_37d46.dir/CMakeCCompilerABI.c.gcno -resource-dir /Users/yueqi.zhou/ndk/android-ndk-r20b/toolchains/llvm/prebuilt/darwin-x86_64/lib64/clang/8.0.7 -internal-isystem /Users/yueqi.zhou/ndk/android-ndk-r20b/toolchains/llvm/prebuilt/darwin-x86_64/bin/../sysroot/usr/local/include -internal-isystem /Users/yueqi.zhou/ndk/android-ndk-r20b/toolchains/llvm/prebuilt/darwin-x86_64/lib64/clang/8.0.7/include -internal-externc-isystem /Users/yueqi.zhou/ndk/android-ndk-r20b/toolchains/llvm/prebuilt/darwin-x86_64/bin/../sysroot/usr/include/aarch64-linux-android -internal-externc-isystem /Users/yueqi.zhou/ndk/android-ndk-r20b/toolchains/llvm/prebuilt/darwin-x86_64/bin/../sysroot/include -internal-externc-isystem /Users/yueqi.zhou/ndk/android-ndk-r20b/toolchains/llvm/prebuilt/darwin-x86_64/bin/../sysroot/usr/include -fdebug-compilation-dir /Users/yueqi.zhou/demo/android/SingleWorld/app/src/main/cpp/cmake-build-debug/CMakeFiles/CMakeTmp -ferror-limit 19 -fmessage-length 0 -fno-signed-char -fobjc-runtime=gcc -fdiagnostics-show-option -o CMakeFiles/cmTC_37d46.dir/CMakeCCompilerABI.c.o -x c /Applications/CLion.app/Contents/bin/cmake/mac/share/cmake-3.17/Modules/CMakeCCompilerABI.c -faddrsig]
  ignore line: [clang -cc1 version 8.0.7 based upon LLVM 8.0.7svn default target x86_64-apple-darwin19.5.0]
  ignore line: [ignoring nonexistent directory "/Users/yueqi.zhou/ndk/android-ndk-r20b/toolchains/llvm/prebuilt/darwin-x86_64/bin/../sysroot/include"]
  ignore line: [#include "..." search starts here:]
  ignore line: [#include <...> search starts here:]
  ignore line: [ /Users/yueqi.zhou/ndk/android-ndk-r20b/toolchains/llvm/prebuilt/darwin-x86_64/bin/../sysroot/usr/local/include]
  ignore line: [ /Users/yueqi.zhou/ndk/android-ndk-r20b/toolchains/llvm/prebuilt/darwin-x86_64/lib64/clang/8.0.7/include]
  ignore line: [ /Users/yueqi.zhou/ndk/android-ndk-r20b/toolchains/llvm/prebuilt/darwin-x86_64/bin/../sysroot/usr/include/aarch64-linux-android]
  ignore line: [ /Users/yueqi.zhou/ndk/android-ndk-r20b/toolchains/llvm/prebuilt/darwin-x86_64/bin/../sysroot/usr/include]
  ignore line: [End of search list.]
  ignore line: [Linking C executable cmTC_37d46]
  ignore line: [/Applications/CLion.app/Contents/bin/cmake/mac/bin/cmake -E cmake_link_script CMakeFiles/cmTC_37d46.dir/link.txt --verbose=1]
  ignore line: [/Users/yueqi.zhou/ndk/android-ndk-r20b/toolchains/llvm/prebuilt/darwin-x86_64/bin/clang --target=aarch64-none-linux-android29   -g  -fPIE -pie -Wl --gc-sections -v CMakeFiles/cmTC_37d46.dir/CMakeCCompilerABI.c.o  -o cmTC_37d46   -latomic -lm ]
  ignore line: [Android (5220042 based on r346389c) clang version 8.0.7 (https://android.googlesource.com/toolchain/clang b55f2d4ebfd35bf643d27dbca1bb228957008617) (https://android.googlesource.com/toolchain/llvm 3c393fe7a7e13b0fba4ac75a01aa683d7a5b11cd) (based on LLVM 8.0.7svn)]
  ignore line: [Target: aarch64-none-linux-android29]
  ignore line: [Thread model: posix]
  ignore line: [InstalledDir: /Users/yueqi.zhou/ndk/android-ndk-r20b/toolchains/llvm/prebuilt/darwin-x86_64/bin]
  ignore line: [Found candidate GCC installation: /Users/yueqi.zhou/ndk/android-ndk-r20b/toolchains/llvm/prebuilt/darwin-x86_64/bin/../lib/gcc/aarch64-linux-android/4.9.x]
  ignore line: [Selected GCC installation: /Users/yueqi.zhou/ndk/android-ndk-r20b/toolchains/llvm/prebuilt/darwin-x86_64/bin/../lib/gcc/aarch64-linux-android/4.9.x]
  ignore line: [Candidate multilib: .]
  ignore line: [@m64]
  ignore line: [Selected multilib: .]
  ignore line: [@m64]
  link line: [ "/Users/yueqi.zhou/ndk/android-ndk-r20b/toolchains/llvm/prebuilt/darwin-x86_64/bin/../lib/gcc/aarch64-linux-android/4.9.x/../../../../aarch64-linux-android/bin/ld" -pie -EL --fix-cortex-a53-843419 -z now -z relro --hash-style=gnu --enable-new-dtags --eh-frame-hdr -m aarch64linux -dynamic-linker /system/bin/linker64 -o cmTC_37d46 /Users/yueqi.zhou/ndk/android-ndk-r20b/toolchains/llvm/prebuilt/darwin-x86_64/bin/../sysroot/usr/lib/aarch64-linux-android/29/crtbegin_dynamic.o -L/Users/yueqi.zhou/ndk/android-ndk-r20b/toolchains/llvm/prebuilt/darwin-x86_64/lib64/clang/8.0.7/lib/linux/aarch64 -L/Users/yueqi.zhou/ndk/android-ndk-r20b/toolchains/llvm/prebuilt/darwin-x86_64/bin/../lib/gcc/aarch64-linux-android/4.9.x -L/Users/yueqi.zhou/ndk/android-ndk-r20b/toolchains/llvm/prebuilt/darwin-x86_64/bin/../lib/gcc/aarch64-linux-android/4.9.x/../../../../aarch64-linux-android/lib/../lib64 -L/Users/yueqi.zhou/ndk/android-ndk-r20b/toolchains/llvm/prebuilt/darwin-x86_64/bin/../sysroot/usr/lib/aarch64-linux-android/29 -L/Users/yueqi.zhou/ndk/android-ndk-r20b/toolchains/llvm/prebuilt/darwin-x86_64/bin/../sysroot/usr/lib/aarch64-linux-android -L/Users/yueqi.zhou/ndk/android-ndk-r20b/toolchains/llvm/prebuilt/darwin-x86_64/bin/../lib/gcc/aarch64-linux-android/4.9.x/../../../../aarch64-linux-android/lib -L/Users/yueqi.zhou/ndk/android-ndk-r20b/toolchains/llvm/prebuilt/darwin-x86_64/bin/../sysroot/usr/lib --gc-sections CMakeFiles/cmTC_37d46.dir/CMakeCCompilerABI.c.o -latomic -lm -lgcc -ldl -lc -lgcc -ldl /Users/yueqi.zhou/ndk/android-ndk-r20b/toolchains/llvm/prebuilt/darwin-x86_64/bin/../sysroot/usr/lib/aarch64-linux-android/29/crtend_android.o]
    arg [/Users/yueqi.zhou/ndk/android-ndk-r20b/toolchains/llvm/prebuilt/darwin-x86_64/bin/../lib/gcc/aarch64-linux-android/4.9.x/../../../../aarch64-linux-android/bin/ld] ==> ignore
    arg [-pie] ==> ignore
    arg [-EL] ==> ignore
    arg [--fix-cortex-a53-843419] ==> ignore
    arg [-znow] ==> ignore
    arg [-zrelro] ==> ignore
    arg [--hash-style=gnu] ==> ignore
    arg [--enable-new-dtags] ==> ignore
    arg [--eh-frame-hdr] ==> ignore
    arg [-m] ==> ignore
    arg [aarch64linux] ==> ignore
    arg [-dynamic-linker] ==> ignore
    arg [/system/bin/linker64] ==> ignore
    arg [-o] ==> ignore
    arg [cmTC_37d46] ==> ignore
    arg [/Users/yueqi.zhou/ndk/android-ndk-r20b/toolchains/llvm/prebuilt/darwin-x86_64/bin/../sysroot/usr/lib/aarch64-linux-android/29/crtbegin_dynamic.o] ==> ignore
    arg [-L/Users/yueqi.zhou/ndk/android-ndk-r20b/toolchains/llvm/prebuilt/darwin-x86_64/lib64/clang/8.0.7/lib/linux/aarch64] ==> dir [/Users/yueqi.zhou/ndk/android-ndk-r20b/toolchains/llvm/prebuilt/darwin-x86_64/lib64/clang/8.0.7/lib/linux/aarch64]
    arg [-L/Users/yueqi.zhou/ndk/android-ndk-r20b/toolchains/llvm/prebuilt/darwin-x86_64/bin/../lib/gcc/aarch64-linux-android/4.9.x] ==> dir [/Users/yueqi.zhou/ndk/android-ndk-r20b/toolchains/llvm/prebuilt/darwin-x86_64/bin/../lib/gcc/aarch64-linux-android/4.9.x]
    arg [-L/Users/yueqi.zhou/ndk/android-ndk-r20b/toolchains/llvm/prebuilt/darwin-x86_64/bin/../lib/gcc/aarch64-linux-android/4.9.x/../../../../aarch64-linux-android/lib/../lib64] ==> dir [/Users/yueqi.zhou/ndk/android-ndk-r20b/toolchains/llvm/prebuilt/darwin-x86_64/bin/../lib/gcc/aarch64-linux-android/4.9.x/../../../../aarch64-linux-android/lib/../lib64]
    arg [-L/Users/yueqi.zhou/ndk/android-ndk-r20b/toolchains/llvm/prebuilt/darwin-x86_64/bin/../sysroot/usr/lib/aarch64-linux-android/29] ==> dir [/Users/yueqi.zhou/ndk/android-ndk-r20b/toolchains/llvm/prebuilt/darwin-x86_64/bin/../sysroot/usr/lib/aarch64-linux-android/29]
    arg [-L/Users/yueqi.zhou/ndk/android-ndk-r20b/toolchains/llvm/prebuilt/darwin-x86_64/bin/../sysroot/usr/lib/aarch64-linux-android] ==> dir [/Users/yueqi.zhou/ndk/android-ndk-r20b/toolchains/llvm/prebuilt/darwin-x86_64/bin/../sysroot/usr/lib/aarch64-linux-android]
    arg [-L/Users/yueqi.zhou/ndk/android-ndk-r20b/toolchains/llvm/prebuilt/darwin-x86_64/bin/../lib/gcc/aarch64-linux-android/4.9.x/../../../../aarch64-linux-android/lib] ==> dir [/Users/yueqi.zhou/ndk/android-ndk-r20b/toolchains/llvm/prebuilt/darwin-x86_64/bin/../lib/gcc/aarch64-linux-android/4.9.x/../../../../aarch64-linux-android/lib]
    arg [-L/Users/yueqi.zhou/ndk/android-ndk-r20b/toolchains/llvm/prebuilt/darwin-x86_64/bin/../sysroot/usr/lib] ==> dir [/Users/yueqi.zhou/ndk/android-ndk-r20b/toolchains/llvm/prebuilt/darwin-x86_64/bin/../sysroot/usr/lib]
    arg [--gc-sections] ==> ignore
    arg [CMakeFiles/cmTC_37d46.dir/CMakeCCompilerABI.c.o] ==> ignore
    arg [-latomic] ==> lib [atomic]
    arg [-lm] ==> lib [m]
    arg [-lgcc] ==> lib [gcc]
    arg [-ldl] ==> lib [dl]
    arg [-lc] ==> lib [c]
    arg [-lgcc] ==> lib [gcc]
    arg [-ldl] ==> lib [dl]
    arg [/Users/yueqi.zhou/ndk/android-ndk-r20b/toolchains/llvm/prebuilt/darwin-x86_64/bin/../sysroot/usr/lib/aarch64-linux-android/29/crtend_android.o] ==> ignore
  collapse library dir [/Users/yueqi.zhou/ndk/android-ndk-r20b/toolchains/llvm/prebuilt/darwin-x86_64/lib64/clang/8.0.7/lib/linux/aarch64] ==> [/Users/yueqi.zhou/ndk/android-ndk-r20b/toolchains/llvm/prebuilt/darwin-x86_64/lib64/clang/8.0.7/lib/linux/aarch64]
  collapse library dir [/Users/yueqi.zhou/ndk/android-ndk-r20b/toolchains/llvm/prebuilt/darwin-x86_64/bin/../lib/gcc/aarch64-linux-android/4.9.x] ==> [/Users/yueqi.zhou/ndk/android-ndk-r20b/toolchains/llvm/prebuilt/darwin-x86_64/lib/gcc/aarch64-linux-android/4.9.x]
  collapse library dir [/Users/yueqi.zhou/ndk/android-ndk-r20b/toolchains/llvm/prebuilt/darwin-x86_64/bin/../lib/gcc/aarch64-linux-android/4.9.x/../../../../aarch64-linux-android/lib/../lib64] ==> [/Users/yueqi.zhou/ndk/android-ndk-r20b/toolchains/llvm/prebuilt/darwin-x86_64/aarch64-linux-android/lib64]
  collapse library dir [/Users/yueqi.zhou/ndk/android-ndk-r20b/toolchains/llvm/prebuilt/darwin-x86_64/bin/../sysroot/usr/lib/aarch64-linux-android/29] ==> [/Users/yueqi.zhou/ndk/android-ndk-r20b/toolchains/llvm/prebuilt/darwin-x86_64/sysroot/usr/lib/aarch64-linux-android/29]
  collapse library dir [/Users/yueqi.zhou/ndk/android-ndk-r20b/toolchains/llvm/prebuilt/darwin-x86_64/bin/../sysroot/usr/lib/aarch64-linux-android] ==> [/Users/yueqi.zhou/ndk/android-ndk-r20b/toolchains/llvm/prebuilt/darwin-x86_64/sysroot/usr/lib/aarch64-linux-android]
  collapse library dir [/Users/yueqi.zhou/ndk/android-ndk-r20b/toolchains/llvm/prebuilt/darwin-x86_64/bin/../lib/gcc/aarch64-linux-android/4.9.x/../../../../aarch64-linux-android/lib] ==> [/Users/yueqi.zhou/ndk/android-ndk-r20b/toolchains/llvm/prebuilt/darwin-x86_64/aarch64-linux-android/lib]
  collapse library dir [/Users/yueqi.zhou/ndk/android-ndk-r20b/toolchains/llvm/prebuilt/darwin-x86_64/bin/../sysroot/usr/lib] ==> [/Users/yueqi.zhou/ndk/android-ndk-r20b/toolchains/llvm/prebuilt/darwin-x86_64/sysroot/usr/lib]
  implicit libs: [atomic;m;gcc;dl;c;gcc;dl]
  implicit dirs: [/Users/yueqi.zhou/ndk/android-ndk-r20b/toolchains/llvm/prebuilt/darwin-x86_64/lib64/clang/8.0.7/lib/linux/aarch64;/Users/yueqi.zhou/ndk/android-ndk-r20b/toolchains/llvm/prebuilt/darwin-x86_64/lib/gcc/aarch64-linux-android/4.9.x;/Users/yueqi.zhou/ndk/android-ndk-r20b/toolchains/llvm/prebuilt/darwin-x86_64/aarch64-linux-android/lib64;/Users/yueqi.zhou/ndk/android-ndk-r20b/toolchains/llvm/prebuilt/darwin-x86_64/sysroot/usr/lib/aarch64-linux-android/29;/Users/yueqi.zhou/ndk/android-ndk-r20b/toolchains/llvm/prebuilt/darwin-x86_64/sysroot/usr/lib/aarch64-linux-android;/Users/yueqi.zhou/ndk/android-ndk-r20b/toolchains/llvm/prebuilt/darwin-x86_64/aarch64-linux-android/lib;/Users/yueqi.zhou/ndk/android-ndk-r20b/toolchains/llvm/prebuilt/darwin-x86_64/sysroot/usr/lib]
  implicit fwks: []


Determining if the CXX compiler works passed with the following output:
Change Dir: /Users/yueqi.zhou/demo/android/SingleWorld/app/src/main/cpp/cmake-build-debug/CMakeFiles/CMakeTmp

Run Build Command(s):/usr/bin/make cmTC_65ef4/fast && /Applications/Xcode-beta.app/Contents/Developer/usr/bin/make  -f CMakeFiles/cmTC_65ef4.dir/build.make CMakeFiles/cmTC_65ef4.dir/build
Building CXX object CMakeFiles/cmTC_65ef4.dir/testCXXCompiler.cxx.o
/Users/yueqi.zhou/ndk/android-ndk-r20b/toolchains/llvm/prebuilt/darwin-x86_64/bin/clang++ --target=aarch64-none-linux-android29    -g -fPIE   -o CMakeFiles/cmTC_65ef4.dir/testCXXCompiler.cxx.o -c /Users/yueqi.zhou/demo/android/SingleWorld/app/src/main/cpp/cmake-build-debug/CMakeFiles/CMakeTmp/testCXXCompiler.cxx
Linking CXX executable cmTC_65ef4
/Applications/CLion.app/Contents/bin/cmake/mac/bin/cmake -E cmake_link_script CMakeFiles/cmTC_65ef4.dir/link.txt --verbose=1
/Users/yueqi.zhou/ndk/android-ndk-r20b/toolchains/llvm/prebuilt/darwin-x86_64/bin/clang++ --target=aarch64-none-linux-android29    -g  -fPIE -pie -Wl,--gc-sections  CMakeFiles/cmTC_65ef4.dir/testCXXCompiler.cxx.o  -o cmTC_65ef4   -static-libstdc++ -latomic -lm 



Detecting CXX compiler ABI info compiled with the following output:
Change Dir: /Users/yueqi.zhou/demo/android/SingleWorld/app/src/main/cpp/cmake-build-debug/CMakeFiles/CMakeTmp

Run Build Command(s):/usr/bin/make cmTC_2d701/fast && /Applications/Xcode-beta.app/Contents/Developer/usr/bin/make  -f CMakeFiles/cmTC_2d701.dir/build.make CMakeFiles/cmTC_2d701.dir/build
Building CXX object CMakeFiles/cmTC_2d701.dir/CMakeCXXCompilerABI.cpp.o
/Users/yueqi.zhou/ndk/android-ndk-r20b/toolchains/llvm/prebuilt/darwin-x86_64/bin/clang++ --target=aarch64-none-linux-android29    -g -fPIE   -v -o CMakeFiles/cmTC_2d701.dir/CMakeCXXCompilerABI.cpp.o -c /Applications/CLion.app/Contents/bin/cmake/mac/share/cmake-3.17/Modules/CMakeCXXCompilerABI.cpp
Android (5220042 based on r346389c) clang version 8.0.7 (https://android.googlesource.com/toolchain/clang b55f2d4ebfd35bf643d27dbca1bb228957008617) (https://android.googlesource.com/toolchain/llvm 3c393fe7a7e13b0fba4ac75a01aa683d7a5b11cd) (based on LLVM 8.0.7svn)
Target: aarch64-none-linux-android29
Thread model: posix
InstalledDir: /Users/yueqi.zhou/ndk/android-ndk-r20b/toolchains/llvm/prebuilt/darwin-x86_64/bin
Found candidate GCC installation: /Users/yueqi.zhou/ndk/android-ndk-r20b/toolchains/llvm/prebuilt/darwin-x86_64/bin/../lib/gcc/aarch64-linux-android/4.9.x
Selected GCC installation: /Users/yueqi.zhou/ndk/android-ndk-r20b/toolchains/llvm/prebuilt/darwin-x86_64/bin/../lib/gcc/aarch64-linux-android/4.9.x
Candidate multilib: .;@m64
Selected multilib: .;@m64
 "/Users/yueqi.zhou/ndk/android-ndk-r20b/toolchains/llvm/prebuilt/darwin-x86_64/bin/clang++" -cc1 -triple aarch64-none-linux-android29 -emit-obj -mrelax-all -disable-free -disable-llvm-verifier -discard-value-names -main-file-name CMakeCXXCompilerABI.cpp -mrelocation-model pic -pic-level 2 -pic-is-pie -mthread-model posix -mdisable-fp-elim -masm-verbose -mconstructor-aliases -fuse-init-array -target-cpu generic -target-feature +neon -target-abi aapcs -mllvm -aarch64-fix-cortex-a53-835769=1 -fallow-half-arguments-and-returns -dwarf-column-info -debug-info-kind=limited -dwarf-version=4 -debugger-tuning=gdb -target-linker-version 241.9 -v -coverage-notes-file /Users/yueqi.zhou/demo/android/SingleWorld/app/src/main/cpp/cmake-build-debug/CMakeFiles/CMakeTmp/CMakeFiles/cmTC_2d701.dir/CMakeCXXCompilerABI.cpp.gcno -resource-dir /Users/yueqi.zhou/ndk/android-ndk-r20b/toolchains/llvm/prebuilt/darwin-x86_64/lib64/clang/8.0.7 -internal-isystem /Users/yueqi.zhou/ndk/android-ndk-r20b/toolchains/llvm/prebuilt/darwin-x86_64/bin/../sysroot/usr/include/c++/v1 -internal-isystem /Users/yueqi.zhou/ndk/android-ndk-r20b/toolchains/llvm/prebuilt/darwin-x86_64/bin/../sysroot/usr/local/include -internal-isystem /Users/yueqi.zhou/ndk/android-ndk-r20b/toolchains/llvm/prebuilt/darwin-x86_64/lib64/clang/8.0.7/include -internal-externc-isystem /Users/yueqi.zhou/ndk/android-ndk-r20b/toolchains/llvm/prebuilt/darwin-x86_64/bin/../sysroot/usr/include/aarch64-linux-android -internal-externc-isystem /Users/yueqi.zhou/ndk/android-ndk-r20b/toolchains/llvm/prebuilt/darwin-x86_64/bin/../sysroot/include -internal-externc-isystem /Users/yueqi.zhou/ndk/android-ndk-r20b/toolchains/llvm/prebuilt/darwin-x86_64/bin/../sysroot/usr/include -fdeprecated-macro -fdebug-compilation-dir /Users/yueqi.zhou/demo/android/SingleWorld/app/src/main/cpp/cmake-build-debug/CMakeFiles/CMakeTmp -ferror-limit 19 -fmessage-length 0 -fno-signed-char -fobjc-runtime=gcc -fcxx-exceptions -fexceptions -fdiagnostics-show-option -o CMakeFiles/cmTC_2d701.dir/CMakeCXXCompilerABI.cpp.o -x c++ /Applications/CLion.app/Contents/bin/cmake/mac/share/cmake-3.17/Modules/CMakeCXXCompilerABI.cpp -faddrsig
clang -cc1 version 8.0.7 based upon LLVM 8.0.7svn default target x86_64-apple-darwin19.5.0
ignoring nonexistent directory "/Users/yueqi.zhou/ndk/android-ndk-r20b/toolchains/llvm/prebuilt/darwin-x86_64/bin/../sysroot/include"
#include "..." search starts here:
#include <...> search starts here:
 /Users/yueqi.zhou/ndk/android-ndk-r20b/toolchains/llvm/prebuilt/darwin-x86_64/bin/../sysroot/usr/include/c++/v1
 /Users/yueqi.zhou/ndk/android-ndk-r20b/toolchains/llvm/prebuilt/darwin-x86_64/bin/../sysroot/usr/local/include
 /Users/yueqi.zhou/ndk/android-ndk-r20b/toolchains/llvm/prebuilt/darwin-x86_64/lib64/clang/8.0.7/include
 /Users/yueqi.zhou/ndk/android-ndk-r20b/toolchains/llvm/prebuilt/darwin-x86_64/bin/../sysroot/usr/include/aarch64-linux-android
 /Users/yueqi.zhou/ndk/android-ndk-r20b/toolchains/llvm/prebuilt/darwin-x86_64/bin/../sysroot/usr/include
End of search list.
Linking CXX executable cmTC_2d701
/Applications/CLion.app/Contents/bin/cmake/mac/bin/cmake -E cmake_link_script CMakeFiles/cmTC_2d701.dir/link.txt --verbose=1
/Users/yueqi.zhou/ndk/android-ndk-r20b/toolchains/llvm/prebuilt/darwin-x86_64/bin/clang++ --target=aarch64-none-linux-android29    -g  -fPIE -pie -Wl,--gc-sections -v CMakeFiles/cmTC_2d701.dir/CMakeCXXCompilerABI.cpp.o  -o cmTC_2d701   -static-libstdc++ -latomic -lm 
Android (5220042 based on r346389c) clang version 8.0.7 (https://android.googlesource.com/toolchain/clang b55f2d4ebfd35bf643d27dbca1bb228957008617) (https://android.googlesource.com/toolchain/llvm 3c393fe7a7e13b0fba4ac75a01aa683d7a5b11cd) (based on LLVM 8.0.7svn)
Target: aarch64-none-linux-android29
Thread model: posix
InstalledDir: /Users/yueqi.zhou/ndk/android-ndk-r20b/toolchains/llvm/prebuilt/darwin-x86_64/bin
Found candidate GCC installation: /Users/yueqi.zhou/ndk/android-ndk-r20b/toolchains/llvm/prebuilt/darwin-x86_64/bin/../lib/gcc/aarch64-linux-android/4.9.x
Selected GCC installation: /Users/yueqi.zhou/ndk/android-ndk-r20b/toolchains/llvm/prebuilt/darwin-x86_64/bin/../lib/gcc/aarch64-linux-android/4.9.x
Candidate multilib: .;@m64
Selected multilib: .;@m64
 "/Users/yueqi.zhou/ndk/android-ndk-r20b/toolchains/llvm/prebuilt/darwin-x86_64/bin/../lib/gcc/aarch64-linux-android/4.9.x/../../../../aarch64-linux-android/bin/ld" -pie -EL --fix-cortex-a53-843419 -z now -z relro --hash-style=gnu --enable-new-dtags --eh-frame-hdr -m aarch64linux -dynamic-linker /system/bin/linker64 -o cmTC_2d701 /Users/yueqi.zhou/ndk/android-ndk-r20b/toolchains/llvm/prebuilt/darwin-x86_64/bin/../sysroot/usr/lib/aarch64-linux-android/29/crtbegin_dynamic.o -L/Users/yueqi.zhou/ndk/android-ndk-r20b/toolchains/llvm/prebuilt/darwin-x86_64/lib64/clang/8.0.7/lib/linux/aarch64 -L/Users/yueqi.zhou/ndk/android-ndk-r20b/toolchains/llvm/prebuilt/darwin-x86_64/bin/../lib/gcc/aarch64-linux-android/4.9.x -L/Users/yueqi.zhou/ndk/android-ndk-r20b/toolchains/llvm/prebuilt/darwin-x86_64/bin/../lib/gcc/aarch64-linux-android/4.9.x/../../../../aarch64-linux-android/lib/../lib64 -L/Users/yueqi.zhou/ndk/android-ndk-r20b/toolchains/llvm/prebuilt/darwin-x86_64/bin/../sysroot/usr/lib/aarch64-linux-android/29 -L/Users/yueqi.zhou/ndk/android-ndk-r20b/toolchains/llvm/prebuilt/darwin-x86_64/bin/../sysroot/usr/lib/aarch64-linux-android -L/Users/yueqi.zhou/ndk/android-ndk-r20b/toolchains/llvm/prebuilt/darwin-x86_64/bin/../lib/gcc/aarch64-linux-android/4.9.x/../../../../aarch64-linux-android/lib -L/Users/yueqi.zhou/ndk/android-ndk-r20b/toolchains/llvm/prebuilt/darwin-x86_64/bin/../sysroot/usr/lib --gc-sections CMakeFiles/cmTC_2d701.dir/CMakeCXXCompilerABI.cpp.o -latomic -lm -Bstatic -lc++ -Bdynamic -lm -lgcc -ldl -lc -lgcc -ldl /Users/yueqi.zhou/ndk/android-ndk-r20b/toolchains/llvm/prebuilt/darwin-x86_64/bin/../sysroot/usr/lib/aarch64-linux-android/29/crtend_android.o



Parsed CXX implicit include dir info from above output: rv=done
  found start of include info
  found start of implicit include info
    add: [/Users/yueqi.zhou/ndk/android-ndk-r20b/toolchains/llvm/prebuilt/darwin-x86_64/bin/../sysroot/usr/include/c++/v1]
    add: [/Users/yueqi.zhou/ndk/android-ndk-r20b/toolchains/llvm/prebuilt/darwin-x86_64/bin/../sysroot/usr/local/include]
    add: [/Users/yueqi.zhou/ndk/android-ndk-r20b/toolchains/llvm/prebuilt/darwin-x86_64/lib64/clang/8.0.7/include]
    add: [/Users/yueqi.zhou/ndk/android-ndk-r20b/toolchains/llvm/prebuilt/darwin-x86_64/bin/../sysroot/usr/include/aarch64-linux-android]
    add: [/Users/yueqi.zhou/ndk/android-ndk-r20b/toolchains/llvm/prebuilt/darwin-x86_64/bin/../sysroot/usr/include]
  end of search list found
  collapse include dir [/Users/yueqi.zhou/ndk/android-ndk-r20b/toolchains/llvm/prebuilt/darwin-x86_64/bin/../sysroot/usr/include/c++/v1] ==> [/Users/yueqi.zhou/ndk/android-ndk-r20b/toolchains/llvm/prebuilt/darwin-x86_64/sysroot/usr/include/c++/v1]
  collapse include dir [/Users/yueqi.zhou/ndk/android-ndk-r20b/toolchains/llvm/prebuilt/darwin-x86_64/bin/../sysroot/usr/local/include] ==> [/Users/yueqi.zhou/ndk/android-ndk-r20b/toolchains/llvm/prebuilt/darwin-x86_64/sysroot/usr/local/include]
  collapse include dir [/Users/yueqi.zhou/ndk/android-ndk-r20b/toolchains/llvm/prebuilt/darwin-x86_64/lib64/clang/8.0.7/include] ==> [/Users/yueqi.zhou/ndk/android-ndk-r20b/toolchains/llvm/prebuilt/darwin-x86_64/lib64/clang/8.0.7/include]
  collapse include dir [/Users/yueqi.zhou/ndk/android-ndk-r20b/toolchains/llvm/prebuilt/darwin-x86_64/bin/../sysroot/usr/include/aarch64-linux-android] ==> [/Users/yueqi.zhou/ndk/android-ndk-r20b/toolchains/llvm/prebuilt/darwin-x86_64/sysroot/usr/include/aarch64-linux-android]
  collapse include dir [/Users/yueqi.zhou/ndk/android-ndk-r20b/toolchains/llvm/prebuilt/darwin-x86_64/bin/../sysroot/usr/include] ==> [/Users/yueqi.zhou/ndk/android-ndk-r20b/toolchains/llvm/prebuilt/darwin-x86_64/sysroot/usr/include]
  implicit include dirs: [/Users/yueqi.zhou/ndk/android-ndk-r20b/toolchains/llvm/prebuilt/darwin-x86_64/sysroot/usr/include/c++/v1;/Users/yueqi.zhou/ndk/android-ndk-r20b/toolchains/llvm/prebuilt/darwin-x86_64/sysroot/usr/local/include;/Users/yueqi.zhou/ndk/android-ndk-r20b/toolchains/llvm/prebuilt/darwin-x86_64/lib64/clang/8.0.7/include;/Users/yueqi.zhou/ndk/android-ndk-r20b/toolchains/llvm/prebuilt/darwin-x86_64/sysroot/usr/include/aarch64-linux-android;/Users/yueqi.zhou/ndk/android-ndk-r20b/toolchains/llvm/prebuilt/darwin-x86_64/sysroot/usr/include]


Parsed CXX implicit link information from above output:
  link line regex: [^( *|.*[/\])(aarch64-linux-android-ld|CMAKE_LINK_STARTFILE-NOTFOUND|([^/\]+-)?ld|collect2)[^/\]*( |$)]
  ignore line: [Change Dir: /Users/yueqi.zhou/demo/android/SingleWorld/app/src/main/cpp/cmake-build-debug/CMakeFiles/CMakeTmp]
  ignore line: []
  ignore line: [Run Build Command(s):/usr/bin/make cmTC_2d701/fast && /Applications/Xcode-beta.app/Contents/Developer/usr/bin/make  -f CMakeFiles/cmTC_2d701.dir/build.make CMakeFiles/cmTC_2d701.dir/build]
  ignore line: [Building CXX object CMakeFiles/cmTC_2d701.dir/CMakeCXXCompilerABI.cpp.o]
  ignore line: [/Users/yueqi.zhou/ndk/android-ndk-r20b/toolchains/llvm/prebuilt/darwin-x86_64/bin/clang++ --target=aarch64-none-linux-android29    -g -fPIE   -v -o CMakeFiles/cmTC_2d701.dir/CMakeCXXCompilerABI.cpp.o -c /Applications/CLion.app/Contents/bin/cmake/mac/share/cmake-3.17/Modules/CMakeCXXCompilerABI.cpp]
  ignore line: [Android (5220042 based on r346389c) clang version 8.0.7 (https://android.googlesource.com/toolchain/clang b55f2d4ebfd35bf643d27dbca1bb228957008617) (https://android.googlesource.com/toolchain/llvm 3c393fe7a7e13b0fba4ac75a01aa683d7a5b11cd) (based on LLVM 8.0.7svn)]
  ignore line: [Target: aarch64-none-linux-android29]
  ignore line: [Thread model: posix]
  ignore line: [InstalledDir: /Users/yueqi.zhou/ndk/android-ndk-r20b/toolchains/llvm/prebuilt/darwin-x86_64/bin]
  ignore line: [Found candidate GCC installation: /Users/yueqi.zhou/ndk/android-ndk-r20b/toolchains/llvm/prebuilt/darwin-x86_64/bin/../lib/gcc/aarch64-linux-android/4.9.x]
  ignore line: [Selected GCC installation: /Users/yueqi.zhou/ndk/android-ndk-r20b/toolchains/llvm/prebuilt/darwin-x86_64/bin/../lib/gcc/aarch64-linux-android/4.9.x]
  ignore line: [Candidate multilib: .]
  ignore line: [@m64]
  ignore line: [Selected multilib: .]
  ignore line: [@m64]
  ignore line: [ "/Users/yueqi.zhou/ndk/android-ndk-r20b/toolchains/llvm/prebuilt/darwin-x86_64/bin/clang++" -cc1 -triple aarch64-none-linux-android29 -emit-obj -mrelax-all -disable-free -disable-llvm-verifier -discard-value-names -main-file-name CMakeCXXCompilerABI.cpp -mrelocation-model pic -pic-level 2 -pic-is-pie -mthread-model posix -mdisable-fp-elim -masm-verbose -mconstructor-aliases -fuse-init-array -target-cpu generic -target-feature +neon -target-abi aapcs -mllvm -aarch64-fix-cortex-a53-835769=1 -fallow-half-arguments-and-returns -dwarf-column-info -debug-info-kind=limited -dwarf-version=4 -debugger-tuning=gdb -target-linker-version 241.9 -v -coverage-notes-file /Users/yueqi.zhou/demo/android/SingleWorld/app/src/main/cpp/cmake-build-debug/CMakeFiles/CMakeTmp/CMakeFiles/cmTC_2d701.dir/CMakeCXXCompilerABI.cpp.gcno -resource-dir /Users/yueqi.zhou/ndk/android-ndk-r20b/toolchains/llvm/prebuilt/darwin-x86_64/lib64/clang/8.0.7 -internal-isystem /Users/yueqi.zhou/ndk/android-ndk-r20b/toolchains/llvm/prebuilt/darwin-x86_64/bin/../sysroot/usr/include/c++/v1 -internal-isystem /Users/yueqi.zhou/ndk/android-ndk-r20b/toolchains/llvm/prebuilt/darwin-x86_64/bin/../sysroot/usr/local/include -internal-isystem /Users/yueqi.zhou/ndk/android-ndk-r20b/toolchains/llvm/prebuilt/darwin-x86_64/lib64/clang/8.0.7/include -internal-externc-isystem /Users/yueqi.zhou/ndk/android-ndk-r20b/toolchains/llvm/prebuilt/darwin-x86_64/bin/../sysroot/usr/include/aarch64-linux-android -internal-externc-isystem /Users/yueqi.zhou/ndk/android-ndk-r20b/toolchains/llvm/prebuilt/darwin-x86_64/bin/../sysroot/include -internal-externc-isystem /Users/yueqi.zhou/ndk/android-ndk-r20b/toolchains/llvm/prebuilt/darwin-x86_64/bin/../sysroot/usr/include -fdeprecated-macro -fdebug-compilation-dir /Users/yueqi.zhou/demo/android/SingleWorld/app/src/main/cpp/cmake-build-debug/CMakeFiles/CMakeTmp -ferror-limit 19 -fmessage-length 0 -fno-signed-char -fobjc-runtime=gcc -fcxx-exceptions -fexceptions -fdiagnostics-show-option -o CMakeFiles/cmTC_2d701.dir/CMakeCXXCompilerABI.cpp.o -x c++ /Applications/CLion.app/Contents/bin/cmake/mac/share/cmake-3.17/Modules/CMakeCXXCompilerABI.cpp -faddrsig]
  ignore line: [clang -cc1 version 8.0.7 based upon LLVM 8.0.7svn default target x86_64-apple-darwin19.5.0]
  ignore line: [ignoring nonexistent directory "/Users/yueqi.zhou/ndk/android-ndk-r20b/toolchains/llvm/prebuilt/darwin-x86_64/bin/../sysroot/include"]
  ignore line: [#include "..." search starts here:]
  ignore line: [#include <...> search starts here:]
  ignore line: [ /Users/yueqi.zhou/ndk/android-ndk-r20b/toolchains/llvm/prebuilt/darwin-x86_64/bin/../sysroot/usr/include/c++/v1]
  ignore line: [ /Users/yueqi.zhou/ndk/android-ndk-r20b/toolchains/llvm/prebuilt/darwin-x86_64/bin/../sysroot/usr/local/include]
  ignore line: [ /Users/yueqi.zhou/ndk/android-ndk-r20b/toolchains/llvm/prebuilt/darwin-x86_64/lib64/clang/8.0.7/include]
  ignore line: [ /Users/yueqi.zhou/ndk/android-ndk-r20b/toolchains/llvm/prebuilt/darwin-x86_64/bin/../sysroot/usr/include/aarch64-linux-android]
  ignore line: [ /Users/yueqi.zhou/ndk/android-ndk-r20b/toolchains/llvm/prebuilt/darwin-x86_64/bin/../sysroot/usr/include]
  ignore line: [End of search list.]
  ignore line: [Linking CXX executable cmTC_2d701]
  ignore line: [/Applications/CLion.app/Contents/bin/cmake/mac/bin/cmake -E cmake_link_script CMakeFiles/cmTC_2d701.dir/link.txt --verbose=1]
  ignore line: [/Users/yueqi.zhou/ndk/android-ndk-r20b/toolchains/llvm/prebuilt/darwin-x86_64/bin/clang++ --target=aarch64-none-linux-android29    -g  -fPIE -pie -Wl --gc-sections -v CMakeFiles/cmTC_2d701.dir/CMakeCXXCompilerABI.cpp.o  -o cmTC_2d701   -static-libstdc++ -latomic -lm ]
  ignore line: [Android (5220042 based on r346389c) clang version 8.0.7 (https://android.googlesource.com/toolchain/clang b55f2d4ebfd35bf643d27dbca1bb228957008617) (https://android.googlesource.com/toolchain/llvm 3c393fe7a7e13b0fba4ac75a01aa683d7a5b11cd) (based on LLVM 8.0.7svn)]
  ignore line: [Target: aarch64-none-linux-android29]
  ignore line: [Thread model: posix]
  ignore line: [InstalledDir: /Users/yueqi.zhou/ndk/android-ndk-r20b/toolchains/llvm/prebuilt/darwin-x86_64/bin]
  ignore line: [Found candidate GCC installation: /Users/yueqi.zhou/ndk/android-ndk-r20b/toolchains/llvm/prebuilt/darwin-x86_64/bin/../lib/gcc/aarch64-linux-android/4.9.x]
  ignore line: [Selected GCC installation: /Users/yueqi.zhou/ndk/android-ndk-r20b/toolchains/llvm/prebuilt/darwin-x86_64/bin/../lib/gcc/aarch64-linux-android/4.9.x]
  ignore line: [Candidate multilib: .]
  ignore line: [@m64]
  ignore line: [Selected multilib: .]
  ignore line: [@m64]
  link line: [ "/Users/yueqi.zhou/ndk/android-ndk-r20b/toolchains/llvm/prebuilt/darwin-x86_64/bin/../lib/gcc/aarch64-linux-android/4.9.x/../../../../aarch64-linux-android/bin/ld" -pie -EL --fix-cortex-a53-843419 -z now -z relro --hash-style=gnu --enable-new-dtags --eh-frame-hdr -m aarch64linux -dynamic-linker /system/bin/linker64 -o cmTC_2d701 /Users/yueqi.zhou/ndk/android-ndk-r20b/toolchains/llvm/prebuilt/darwin-x86_64/bin/../sysroot/usr/lib/aarch64-linux-android/29/crtbegin_dynamic.o -L/Users/yueqi.zhou/ndk/android-ndk-r20b/toolchains/llvm/prebuilt/darwin-x86_64/lib64/clang/8.0.7/lib/linux/aarch64 -L/Users/yueqi.zhou/ndk/android-ndk-r20b/toolchains/llvm/prebuilt/darwin-x86_64/bin/../lib/gcc/aarch64-linux-android/4.9.x -L/Users/yueqi.zhou/ndk/android-ndk-r20b/toolchains/llvm/prebuilt/darwin-x86_64/bin/../lib/gcc/aarch64-linux-android/4.9.x/../../../../aarch64-linux-android/lib/../lib64 -L/Users/yueqi.zhou/ndk/android-ndk-r20b/toolchains/llvm/prebuilt/darwin-x86_64/bin/../sysroot/usr/lib/aarch64-linux-android/29 -L/Users/yueqi.zhou/ndk/android-ndk-r20b/toolchains/llvm/prebuilt/darwin-x86_64/bin/../sysroot/usr/lib/aarch64-linux-android -L/Users/yueqi.zhou/ndk/android-ndk-r20b/toolchains/llvm/prebuilt/darwin-x86_64/bin/../lib/gcc/aarch64-linux-android/4.9.x/../../../../aarch64-linux-android/lib -L/Users/yueqi.zhou/ndk/android-ndk-r20b/toolchains/llvm/prebuilt/darwin-x86_64/bin/../sysroot/usr/lib --gc-sections CMakeFiles/cmTC_2d701.dir/CMakeCXXCompilerABI.cpp.o -latomic -lm -Bstatic -lc++ -Bdynamic -lm -lgcc -ldl -lc -lgcc -ldl /Users/yueqi.zhou/ndk/android-ndk-r20b/toolchains/llvm/prebuilt/darwin-x86_64/bin/../sysroot/usr/lib/aarch64-linux-android/29/crtend_android.o]
    arg [/Users/yueqi.zhou/ndk/android-ndk-r20b/toolchains/llvm/prebuilt/darwin-x86_64/bin/../lib/gcc/aarch64-linux-android/4.9.x/../../../../aarch64-linux-android/bin/ld] ==> ignore
    arg [-pie] ==> ignore
    arg [-EL] ==> ignore
    arg [--fix-cortex-a53-843419] ==> ignore
    arg [-znow] ==> ignore
    arg [-zrelro] ==> ignore
    arg [--hash-style=gnu] ==> ignore
    arg [--enable-new-dtags] ==> ignore
    arg [--eh-frame-hdr] ==> ignore
    arg [-m] ==> ignore
    arg [aarch64linux] ==> ignore
    arg [-dynamic-linker] ==> ignore
    arg [/system/bin/linker64] ==> ignore
    arg [-o] ==> ignore
    arg [cmTC_2d701] ==> ignore
    arg [/Users/yueqi.zhou/ndk/android-ndk-r20b/toolchains/llvm/prebuilt/darwin-x86_64/bin/../sysroot/usr/lib/aarch64-linux-android/29/crtbegin_dynamic.o] ==> ignore
    arg [-L/Users/yueqi.zhou/ndk/android-ndk-r20b/toolchains/llvm/prebuilt/darwin-x86_64/lib64/clang/8.0.7/lib/linux/aarch64] ==> dir [/Users/yueqi.zhou/ndk/android-ndk-r20b/toolchains/llvm/prebuilt/darwin-x86_64/lib64/clang/8.0.7/lib/linux/aarch64]
    arg [-L/Users/yueqi.zhou/ndk/android-ndk-r20b/toolchains/llvm/prebuilt/darwin-x86_64/bin/../lib/gcc/aarch64-linux-android/4.9.x] ==> dir [/Users/yueqi.zhou/ndk/android-ndk-r20b/toolchains/llvm/prebuilt/darwin-x86_64/bin/../lib/gcc/aarch64-linux-android/4.9.x]
    arg [-L/Users/yueqi.zhou/ndk/android-ndk-r20b/toolchains/llvm/prebuilt/darwin-x86_64/bin/../lib/gcc/aarch64-linux-android/4.9.x/../../../../aarch64-linux-android/lib/../lib64] ==> dir [/Users/yueqi.zhou/ndk/android-ndk-r20b/toolchains/llvm/prebuilt/darwin-x86_64/bin/../lib/gcc/aarch64-linux-android/4.9.x/../../../../aarch64-linux-android/lib/../lib64]
    arg [-L/Users/yueqi.zhou/ndk/android-ndk-r20b/toolchains/llvm/prebuilt/darwin-x86_64/bin/../sysroot/usr/lib/aarch64-linux-android/29] ==> dir [/Users/yueqi.zhou/ndk/android-ndk-r20b/toolchains/llvm/prebuilt/darwin-x86_64/bin/../sysroot/usr/lib/aarch64-linux-android/29]
    arg [-L/Users/yueqi.zhou/ndk/android-ndk-r20b/toolchains/llvm/prebuilt/darwin-x86_64/bin/../sysroot/usr/lib/aarch64-linux-android] ==> dir [/Users/yueqi.zhou/ndk/android-ndk-r20b/toolchains/llvm/prebuilt/darwin-x86_64/bin/../sysroot/usr/lib/aarch64-linux-android]
    arg [-L/Users/yueqi.zhou/ndk/android-ndk-r20b/toolchains/llvm/prebuilt/darwin-x86_64/bin/../lib/gcc/aarch64-linux-android/4.9.x/../../../../aarch64-linux-android/lib] ==> dir [/Users/yueqi.zhou/ndk/android-ndk-r20b/toolchains/llvm/prebuilt/darwin-x86_64/bin/../lib/gcc/aarch64-linux-android/4.9.x/../../../../aarch64-linux-android/lib]
    arg [-L/Users/yueqi.zhou/ndk/android-ndk-r20b/toolchains/llvm/prebuilt/darwin-x86_64/bin/../sysroot/usr/lib] ==> dir [/Users/yueqi.zhou/ndk/android-ndk-r20b/toolchains/llvm/prebuilt/darwin-x86_64/bin/../sysroot/usr/lib]
    arg [--gc-sections] ==> ignore
    arg [CMakeFiles/cmTC_2d701.dir/CMakeCXXCompilerABI.cpp.o] ==> ignore
    arg [-latomic] ==> lib [atomic]
    arg [-lm] ==> lib [m]
    arg [-Bstatic] ==> ignore
    arg [-lc++] ==> lib [c++]
    arg [-Bdynamic] ==> ignore
    arg [-lm] ==> lib [m]
    arg [-lgcc] ==> lib [gcc]
    arg [-ldl] ==> lib [dl]
    arg [-lc] ==> lib [c]
    arg [-lgcc] ==> lib [gcc]
    arg [-ldl] ==> lib [dl]
    arg [/Users/yueqi.zhou/ndk/android-ndk-r20b/toolchains/llvm/prebuilt/darwin-x86_64/bin/../sysroot/usr/lib/aarch64-linux-android/29/crtend_android.o] ==> ignore
  collapse library dir [/Users/yueqi.zhou/ndk/android-ndk-r20b/toolchains/llvm/prebuilt/darwin-x86_64/lib64/clang/8.0.7/lib/linux/aarch64] ==> [/Users/yueqi.zhou/ndk/android-ndk-r20b/toolchains/llvm/prebuilt/darwin-x86_64/lib64/clang/8.0.7/lib/linux/aarch64]
  collapse library dir [/Users/yueqi.zhou/ndk/android-ndk-r20b/toolchains/llvm/prebuilt/darwin-x86_64/bin/../lib/gcc/aarch64-linux-android/4.9.x] ==> [/Users/yueqi.zhou/ndk/android-ndk-r20b/toolchains/llvm/prebuilt/darwin-x86_64/lib/gcc/aarch64-linux-android/4.9.x]
  collapse library dir [/Users/yueqi.zhou/ndk/android-ndk-r20b/toolchains/llvm/prebuilt/darwin-x86_64/bin/../lib/gcc/aarch64-linux-android/4.9.x/../../../../aarch64-linux-android/lib/../lib64] ==> [/Users/yueqi.zhou/ndk/android-ndk-r20b/toolchains/llvm/prebuilt/darwin-x86_64/aarch64-linux-android/lib64]
  collapse library dir [/Users/yueqi.zhou/ndk/android-ndk-r20b/toolchains/llvm/prebuilt/darwin-x86_64/bin/../sysroot/usr/lib/aarch64-linux-android/29] ==> [/Users/yueqi.zhou/ndk/android-ndk-r20b/toolchains/llvm/prebuilt/darwin-x86_64/sysroot/usr/lib/aarch64-linux-android/29]
  collapse library dir [/Users/yueqi.zhou/ndk/android-ndk-r20b/toolchains/llvm/prebuilt/darwin-x86_64/bin/../sysroot/usr/lib/aarch64-linux-android] ==> [/Users/yueqi.zhou/ndk/android-ndk-r20b/toolchains/llvm/prebuilt/darwin-x86_64/sysroot/usr/lib/aarch64-linux-android]
  collapse library dir [/Users/yueqi.zhou/ndk/android-ndk-r20b/toolchains/llvm/prebuilt/darwin-x86_64/bin/../lib/gcc/aarch64-linux-android/4.9.x/../../../../aarch64-linux-android/lib] ==> [/Users/yueqi.zhou/ndk/android-ndk-r20b/toolchains/llvm/prebuilt/darwin-x86_64/aarch64-linux-android/lib]
  collapse library dir [/Users/yueqi.zhou/ndk/android-ndk-r20b/toolchains/llvm/prebuilt/darwin-x86_64/bin/../sysroot/usr/lib] ==> [/Users/yueqi.zhou/ndk/android-ndk-r20b/toolchains/llvm/prebuilt/darwin-x86_64/sysroot/usr/lib]
  implicit libs: [atomic;m;c++;m;gcc;dl;c;gcc;dl]
  implicit dirs: [/Users/yueqi.zhou/ndk/android-ndk-r20b/toolchains/llvm/prebuilt/darwin-x86_64/lib64/clang/8.0.7/lib/linux/aarch64;/Users/yueqi.zhou/ndk/android-ndk-r20b/toolchains/llvm/prebuilt/darwin-x86_64/lib/gcc/aarch64-linux-android/4.9.x;/Users/yueqi.zhou/ndk/android-ndk-r20b/toolchains/llvm/prebuilt/darwin-x86_64/aarch64-linux-android/lib64;/Users/yueqi.zhou/ndk/android-ndk-r20b/toolchains/llvm/prebuilt/darwin-x86_64/sysroot/usr/lib/aarch64-linux-android/29;/Users/yueqi.zhou/ndk/android-ndk-r20b/toolchains/llvm/prebuilt/darwin-x86_64/sysroot/usr/lib/aarch64-linux-android;/Users/yueqi.zhou/ndk/android-ndk-r20b/toolchains/llvm/prebuilt/darwin-x86_64/aarch64-linux-android/lib;/Users/yueqi.zhou/ndk/android-ndk-r20b/toolchains/llvm/prebuilt/darwin-x86_64/sysroot/usr/lib]
  implicit fwks: []


